<?xml version="1.0" encoding="UTF-8"?>
<!-- Generated by org.testng.reporters.JUnitXMLReporter -->
<testsuite ignored="0" hostname="kalpesh16" failures="0" tests="3" name="Default test" time="14.149" errors="0" timestamp="07 Jan 2022 14:30:00 GMT">
  <testcase classname="DemoA.HybridFrameworkFacebook.ExecutionScript" name="Fb" time="5.786"/>
  <testcase classname="DemoA.HybridFrameworkFacebook.ExecutionScript" name="Fb" time="3.851"/>
  <testcase classname="DemoA.HybridFrameworkFacebook.ExecutionScript" name="Fb" time="4.446"/>
</testsuite> <!-- Default test -->
