<?xml version="1.0" encoding="UTF-8"?>
<testng-results ignored="0" total="3" passed="3" failed="0" skipped="0">
  <reporter-output>
  </reporter-output>
  <suite started-at="2022-01-07T14:29:46Z" name="Default suite" finished-at="2022-01-07T14:30:00Z" duration-ms="14149">
    <groups>
    </groups>
    <test started-at="2022-01-07T14:29:46Z" name="Default test" finished-at="2022-01-07T14:30:00Z" duration-ms="14149">
      <class name="DemoA.HybridFrameworkFacebook.ExecutionScript">
        <test-method signature="Fb(java.lang.String, java.lang.String)[pri:0, instance:DemoA.HybridFrameworkFacebook.ExecutionScript@74ea2410]" started-at="2022-01-07T14:29:46Z" name="Fb" data-provider="dP" finished-at="2022-01-07T14:29:52Z" duration-ms="5786" status="PASS">
          <params>
            <param index="0">
              <value>
                <![CDATA[kalpesh]]>
              </value>
            </param>
            <param index="1">
              <value>
                <![CDATA[12345]]>
              </value>
            </param>
          </params>
          <reporter-output>
          </reporter-output>
        </test-method> <!-- Fb -->
        <test-method signature="Fb(java.lang.String, java.lang.String)[pri:0, instance:DemoA.HybridFrameworkFacebook.ExecutionScript@74ea2410]" started-at="2022-01-07T14:29:52Z" name="Fb" data-provider="dP" finished-at="2022-01-07T14:29:55Z" duration-ms="3851" status="PASS">
          <params>
            <param index="0">
              <value>
                <![CDATA[Krishna]]>
              </value>
            </param>
            <param index="1">
              <value>
                <![CDATA[45678]]>
              </value>
            </param>
          </params>
          <reporter-output>
          </reporter-output>
        </test-method> <!-- Fb -->
        <test-method signature="Fb(java.lang.String, java.lang.String)[pri:0, instance:DemoA.HybridFrameworkFacebook.ExecutionScript@74ea2410]" started-at="2022-01-07T14:29:55Z" name="Fb" data-provider="dP" finished-at="2022-01-07T14:30:00Z" duration-ms="4446" status="PASS">
          <params>
            <param index="0">
              <value>
                <![CDATA[Bhupesh]]>
              </value>
            </param>
            <param index="1">
              <value>
                <![CDATA[5678888]]>
              </value>
            </param>
          </params>
          <reporter-output>
          </reporter-output>
        </test-method> <!-- Fb -->
      </class> <!-- DemoA.HybridFrameworkFacebook.ExecutionScript -->
    </test> <!-- Default test -->
  </suite> <!-- Default suite -->
</testng-results>
